Failed to connect to MongoDB: MongooseServerSelectionError: connect ECONNREFUSED 127.0.0.1:27017
    at _handleConnectionErrors (/Users/zhangjian/iCloud云盘（归档） - 1/work/faith/留学/留学Adam/NEU/cs5610/kambaz-next-js-cs5610-fa25-05/kambaz-node-server-app/node_modules/mongoose/lib/connection.js:816:11)
    at NativeConnection.openUri (/Users/zhangjian/iCloud云盘（归档） - 1/work/faith/留学/留学Adam/NEU/cs5610/kambaz-next-js-cs5610-fa25-05/kambaz-node-server-app/node_modules/mongoose/lib/connection.js:791:11)
    at async file:///Users/zhangjian/iCloud%E4%BA%91%E7%9B%98%EF%BC%88%E5%BD%92%E6%A1%A3%EF%BC%89%20-%201/work/faith/%E7%95%99%E5%AD%A6/%E7%95%99%E5%AD%A6Adam/NEU/cs5610/kambaz-next-js-cs5610-fa25-05/kambaz-node-server-app/index.js:82:3 {
  reason: TopologyDescription {
    type: 'Unknown',
    servers: Map(1) { '127.0.0.1:27017' => [ServerDescription] },
    stale: false,
    compatible: true,
    heartbeatFrequencyMS: 10000,
    localThresholdMS: 15,
    setName: null,
    maxElectionId: null,
    maxSetVersion: null,
    commonWireVersion: 0,
    logicalSessionTimeoutMinutes: null
  },
  code: undefined
}
kambaz-node-server-app listening on port 4000
